23:09:26,565 (main) INFO  [DataNucleus.SchemaTool] - DataNucleus SchemaTool : Creation of the schema
23:09:26,568 (main) INFO  [DataNucleus.SchemaTool] - DataNucleus SchemaTool : Classpath
23:09:26,570 (main) INFO  [DataNucleus.SchemaTool] - >>  /Users/vannaraloch/Documents/workspace/jdolab/bin
23:09:26,570 (main) INFO  [DataNucleus.SchemaTool] - >>  /Users/vannaraloch/Documents/workspace/jdolab/deps/jdo-api-3.0.1.jar
23:09:26,571 (main) INFO  [DataNucleus.SchemaTool] - >>  /Users/vannaraloch/Documents/workspace/jdolab/lib/datanucleus-api-jdo-3.2.4.jar
23:09:26,572 (main) INFO  [DataNucleus.SchemaTool] - >>  /Users/vannaraloch/Documents/workspace/jdolab/lib/datanucleus-core-3.2.5.jar
23:09:26,572 (main) INFO  [DataNucleus.SchemaTool] - >>  /Users/vannaraloch/Documents/workspace/jdolab/lib/datanucleus-spatial-3.2.1.jar
23:09:26,572 (main) INFO  [DataNucleus.SchemaTool] - >>  /
23:09:26,572 (main) INFO  [DataNucleus.SchemaTool] - >>  /Users/vannaraloch/Documents/MASTER 2/BDA2/datanucleus-accessplatform-full-deps-3.3.0-release/lib/datanucleus-api-jdo-3.2.4.jar
23:09:26,572 (main) INFO  [DataNucleus.SchemaTool] - >>  /Users/vannaraloch/Documents/MASTER 2/BDA2/datanucleus-accessplatform-full-deps-3.3.0-release/lib/datanucleus-api-jpa-3.3.0-release.jar
23:09:26,572 (main) INFO  [DataNucleus.SchemaTool] - >>  /Users/vannaraloch/Documents/MASTER 2/BDA2/datanucleus-accessplatform-full-deps-3.3.0-release/lib/datanucleus-api-rest-3.2.1.jar
23:09:26,572 (main) INFO  [DataNucleus.SchemaTool] - >>  /Users/vannaraloch/Documents/MASTER 2/BDA2/datanucleus-accessplatform-full-deps-3.3.0-release/lib/datanucleus-awtgeom-3.2.0-release.jar
23:09:26,573 (main) INFO  [DataNucleus.SchemaTool] - >>  /Users/vannaraloch/Documents/MASTER 2/BDA2/datanucleus-accessplatform-full-deps-3.3.0-release/lib/datanucleus-cache-3.1.2.jar
23:09:26,573 (main) INFO  [DataNucleus.SchemaTool] - >>  /Users/vannaraloch/Documents/MASTER 2/BDA2/datanucleus-accessplatform-full-deps-3.3.0-release/lib/datanucleus-core-3.2.5.jar
23:09:26,573 (main) INFO  [DataNucleus.SchemaTool] - >>  /Users/vannaraloch/Documents/MASTER 2/BDA2/datanucleus-accessplatform-full-deps-3.3.0-release/lib/datanucleus-excel-3.2.0-release.jar
23:09:26,573 (main) INFO  [DataNucleus.SchemaTool] - >>  /Users/vannaraloch/Documents/MASTER 2/BDA2/datanucleus-accessplatform-full-deps-3.3.0-release/lib/datanucleus-googlecollections-3.2.2.jar
23:09:26,573 (main) INFO  [DataNucleus.SchemaTool] - >>  /Users/vannaraloch/Documents/MASTER 2/BDA2/datanucleus-accessplatform-full-deps-3.3.0-release/lib/datanucleus-hbase-3.2.2.jar
23:09:26,573 (main) INFO  [DataNucleus.SchemaTool] - >>  /Users/vannaraloch/Documents/MASTER 2/BDA2/datanucleus-accessplatform-full-deps-3.3.0-release/lib/datanucleus-jdo-query-3.0.2.jar
23:09:26,574 (main) INFO  [DataNucleus.SchemaTool] - >>  /Users/vannaraloch/Documents/MASTER 2/BDA2/datanucleus-accessplatform-full-deps-3.3.0-release/lib/datanucleus-jodatime-3.2.1.jar
23:09:26,574 (main) INFO  [DataNucleus.SchemaTool] - >>  /Users/vannaraloch/Documents/MASTER 2/BDA2/datanucleus-accessplatform-full-deps-3.3.0-release/lib/datanucleus-jpa-query-3.0.2.jar
23:09:26,574 (main) INFO  [DataNucleus.SchemaTool] - >>  /Users/vannaraloch/Documents/MASTER 2/BDA2/datanucleus-accessplatform-full-deps-3.3.0-release/lib/datanucleus-json-3.2.0-release.jar
23:09:26,574 (main) INFO  [DataNucleus.SchemaTool] - >>  /Users/vannaraloch/Documents/MASTER 2/BDA2/datanucleus-accessplatform-full-deps-3.3.0-release/lib/datanucleus-ldap-3.2.2.jar
23:09:26,574 (main) INFO  [DataNucleus.SchemaTool] - >>  /Users/vannaraloch/Documents/MASTER 2/BDA2/datanucleus-accessplatform-full-deps-3.3.0-release/lib/datanucleus-mongodb-3.2.2.jar
23:09:26,574 (main) INFO  [DataNucleus.SchemaTool] - >>  /Users/vannaraloch/Documents/MASTER 2/BDA2/datanucleus-accessplatform-full-deps-3.3.0-release/lib/datanucleus-neodatis-3.2.2.jar
23:09:26,575 (main) INFO  [DataNucleus.SchemaTool] - >>  /Users/vannaraloch/Documents/MASTER 2/BDA2/datanucleus-accessplatform-full-deps-3.3.0-release/lib/datanucleus-odf-3.2.1.jar
23:09:26,575 (main) INFO  [DataNucleus.SchemaTool] - >>  /Users/vannaraloch/Documents/MASTER 2/BDA2/datanucleus-accessplatform-full-deps-3.3.0-release/lib/datanucleus-rdbms-3.2.4.jar
23:09:26,575 (main) INFO  [DataNucleus.SchemaTool] - >>  /Users/vannaraloch/Documents/MASTER 2/BDA2/datanucleus-accessplatform-full-deps-3.3.0-release/lib/datanucleus-spatial-3.2.1.jar
23:09:26,575 (main) INFO  [DataNucleus.SchemaTool] - >>  /Users/vannaraloch/Documents/MASTER 2/BDA2/datanucleus-accessplatform-full-deps-3.3.0-release/lib/datanucleus-xml-3.2.0-release.jar
23:09:26,576 (main) INFO  [DataNucleus.SchemaTool] - >>  /Users/vannaraloch/Documents/MASTER 2/BDA2/datanucleus-accessplatform-full-deps-3.3.0-release/deps/jdo-api-3.0.1.jar
23:09:26,576 (main) INFO  [DataNucleus.SchemaTool] - >>  /Users/vannaraloch/Documents/MASTER 2/BDA2/datanucleus-accessplatform-full-deps-3.3.0-release/deps/log4j-1.2.14.jar
23:09:26,576 (main) INFO  [DataNucleus.SchemaTool] - >>  /Applications/NetBeans/postgresql-9.3-1100.jdbc3.jar
23:09:27,250 (main) ERROR [DataNucleus.SchemaTool] - Error creating NucleusContext
Plugin (Bundle) "org.datanucleus.store.types.spatial" is already registered. Ensure you dont have multiple JAR versions of the same plugin in the classpath. The URL "file:/Users/vannaraloch/Documents/workspace/jdolab/lib/datanucleus-spatial-3.2.1.jar" is already registered, and you are trying to register an identical plugin located at URL "file:/Users/vannaraloch/Documents/MASTER%202/BDA2/datanucleus-accessplatform-full-deps-3.3.0-release/lib/datanucleus-spatial-3.2.1.jar."
org.datanucleus.exceptions.NucleusException: Plugin (Bundle) "org.datanucleus.store.types.spatial" is already registered. Ensure you dont have multiple JAR versions of the same plugin in the classpath. The URL "file:/Users/vannaraloch/Documents/workspace/jdolab/lib/datanucleus-spatial-3.2.1.jar" is already registered, and you are trying to register an identical plugin located at URL "file:/Users/vannaraloch/Documents/MASTER%202/BDA2/datanucleus-accessplatform-full-deps-3.3.0-release/lib/datanucleus-spatial-3.2.1.jar."
	at org.datanucleus.plugin.NonManagedPluginRegistry.registerBundle(NonManagedPluginRegistry.java:494)
	at org.datanucleus.plugin.NonManagedPluginRegistry.registerBundle(NonManagedPluginRegistry.java:396)
	at org.datanucleus.plugin.NonManagedPluginRegistry.registerExtensions(NonManagedPluginRegistry.java:219)
	at org.datanucleus.plugin.NonManagedPluginRegistry.registerExtensionPoints(NonManagedPluginRegistry.java:160)
	at org.datanucleus.plugin.PluginManager.<init>(PluginManager.java:65)
	at org.datanucleus.plugin.PluginManager.createPluginManager(PluginManager.java:427)
	at org.datanucleus.NucleusContext.<init>(NucleusContext.java:264)
	at org.datanucleus.NucleusContext.<init>(NucleusContext.java:245)
	at org.datanucleus.NucleusContext.<init>(NucleusContext.java:223)
	at org.datanucleus.store.schema.SchemaTool.getNucleusContextForMode(SchemaTool.java:513)
	at org.datanucleus.store.schema.SchemaTool.main(SchemaTool.java:276)
23:14:04,268 (main) INFO  [DataNucleus.SchemaTool] - DataNucleus SchemaTool : Creation of the schema
23:14:04,271 (main) INFO  [DataNucleus.SchemaTool] - DataNucleus SchemaTool : Classpath
23:14:04,273 (main) INFO  [DataNucleus.SchemaTool] - >>  /Users/vannaraloch/Documents/workspace/jdolab/bin
23:14:04,273 (main) INFO  [DataNucleus.SchemaTool] - >>  /Users/vannaraloch/Documents/workspace/jdolab/deps/jdo-api-3.0.1.jar
23:14:04,273 (main) INFO  [DataNucleus.SchemaTool] - >>  /Users/vannaraloch/Documents/workspace/jdolab/lib/datanucleus-api-jdo-3.2.4.jar
23:14:04,273 (main) INFO  [DataNucleus.SchemaTool] - >>  /Users/vannaraloch/Documents/workspace/jdolab/lib/datanucleus-core-3.2.5.jar
23:14:04,273 (main) INFO  [DataNucleus.SchemaTool] - >>  /Users/vannaraloch/Documents/workspace/jdolab/lib/datanucleus-spatial-3.2.1.jar
23:14:04,273 (main) INFO  [DataNucleus.SchemaTool] - >>  /
23:14:04,273 (main) INFO  [DataNucleus.SchemaTool] - >>  /Users/vannaraloch/Documents/MASTER 2/BDA2/datanucleus-accessplatform-full-deps-3.3.0-release/lib/datanucleus-api-jdo-3.2.4.jar
23:14:04,273 (main) INFO  [DataNucleus.SchemaTool] - >>  /Users/vannaraloch/Documents/MASTER 2/BDA2/datanucleus-accessplatform-full-deps-3.3.0-release/lib/datanucleus-api-jpa-3.3.0-release.jar
23:14:04,274 (main) INFO  [DataNucleus.SchemaTool] - >>  /Users/vannaraloch/Documents/MASTER 2/BDA2/datanucleus-accessplatform-full-deps-3.3.0-release/lib/datanucleus-api-rest-3.2.1.jar
23:14:04,274 (main) INFO  [DataNucleus.SchemaTool] - >>  /Users/vannaraloch/Documents/MASTER 2/BDA2/datanucleus-accessplatform-full-deps-3.3.0-release/lib/datanucleus-awtgeom-3.2.0-release.jar
23:14:04,274 (main) INFO  [DataNucleus.SchemaTool] - >>  /Users/vannaraloch/Documents/MASTER 2/BDA2/datanucleus-accessplatform-full-deps-3.3.0-release/lib/datanucleus-cache-3.1.2.jar
23:14:04,274 (main) INFO  [DataNucleus.SchemaTool] - >>  /Users/vannaraloch/Documents/MASTER 2/BDA2/datanucleus-accessplatform-full-deps-3.3.0-release/lib/datanucleus-core-3.2.5.jar
23:14:04,274 (main) INFO  [DataNucleus.SchemaTool] - >>  /Users/vannaraloch/Documents/MASTER 2/BDA2/datanucleus-accessplatform-full-deps-3.3.0-release/lib/datanucleus-excel-3.2.0-release.jar
23:14:04,274 (main) INFO  [DataNucleus.SchemaTool] - >>  /Users/vannaraloch/Documents/MASTER 2/BDA2/datanucleus-accessplatform-full-deps-3.3.0-release/lib/datanucleus-googlecollections-3.2.2.jar
23:14:04,274 (main) INFO  [DataNucleus.SchemaTool] - >>  /Users/vannaraloch/Documents/MASTER 2/BDA2/datanucleus-accessplatform-full-deps-3.3.0-release/lib/datanucleus-hbase-3.2.2.jar
23:14:04,274 (main) INFO  [DataNucleus.SchemaTool] - >>  /Users/vannaraloch/Documents/MASTER 2/BDA2/datanucleus-accessplatform-full-deps-3.3.0-release/lib/datanucleus-jdo-query-3.0.2.jar
23:14:04,274 (main) INFO  [DataNucleus.SchemaTool] - >>  /Users/vannaraloch/Documents/MASTER 2/BDA2/datanucleus-accessplatform-full-deps-3.3.0-release/lib/datanucleus-jodatime-3.2.1.jar
23:14:04,275 (main) INFO  [DataNucleus.SchemaTool] - >>  /Users/vannaraloch/Documents/MASTER 2/BDA2/datanucleus-accessplatform-full-deps-3.3.0-release/lib/datanucleus-jpa-query-3.0.2.jar
23:14:04,275 (main) INFO  [DataNucleus.SchemaTool] - >>  /Users/vannaraloch/Documents/MASTER 2/BDA2/datanucleus-accessplatform-full-deps-3.3.0-release/lib/datanucleus-json-3.2.0-release.jar
23:14:04,275 (main) INFO  [DataNucleus.SchemaTool] - >>  /Users/vannaraloch/Documents/MASTER 2/BDA2/datanucleus-accessplatform-full-deps-3.3.0-release/lib/datanucleus-ldap-3.2.2.jar
23:14:04,275 (main) INFO  [DataNucleus.SchemaTool] - >>  /Users/vannaraloch/Documents/MASTER 2/BDA2/datanucleus-accessplatform-full-deps-3.3.0-release/lib/datanucleus-mongodb-3.2.2.jar
23:14:04,275 (main) INFO  [DataNucleus.SchemaTool] - >>  /Users/vannaraloch/Documents/MASTER 2/BDA2/datanucleus-accessplatform-full-deps-3.3.0-release/lib/datanucleus-neodatis-3.2.2.jar
23:14:04,275 (main) INFO  [DataNucleus.SchemaTool] - >>  /Users/vannaraloch/Documents/MASTER 2/BDA2/datanucleus-accessplatform-full-deps-3.3.0-release/lib/datanucleus-odf-3.2.1.jar
23:14:04,275 (main) INFO  [DataNucleus.SchemaTool] - >>  /Users/vannaraloch/Documents/MASTER 2/BDA2/datanucleus-accessplatform-full-deps-3.3.0-release/lib/datanucleus-rdbms-3.2.4.jar
23:14:04,276 (main) INFO  [DataNucleus.SchemaTool] - >>  /Users/vannaraloch/Documents/MASTER 2/BDA2/datanucleus-accessplatform-full-deps-3.3.0-release/lib/datanucleus-spatial-3.2.1.jar
23:14:04,276 (main) INFO  [DataNucleus.SchemaTool] - >>  /Users/vannaraloch/Documents/MASTER 2/BDA2/datanucleus-accessplatform-full-deps-3.3.0-release/lib/datanucleus-xml-3.2.0-release.jar
23:14:04,276 (main) INFO  [DataNucleus.SchemaTool] - >>  /Users/vannaraloch/Documents/MASTER 2/BDA2/datanucleus-accessplatform-full-deps-3.3.0-release/deps/jdo-api-3.0.1.jar
23:14:04,276 (main) INFO  [DataNucleus.SchemaTool] - >>  /Users/vannaraloch/Documents/MASTER 2/BDA2/datanucleus-accessplatform-full-deps-3.3.0-release/deps/log4j-1.2.14.jar
23:14:04,276 (main) INFO  [DataNucleus.SchemaTool] - >>  /Applications/NetBeans/postgresql-9.3-1100.jdbc3.jar
23:14:04,881 (main) ERROR [DataNucleus.SchemaTool] - Error creating NucleusContext
Plugin (Bundle) "org.datanucleus.store.types.spatial" is already registered. Ensure you dont have multiple JAR versions of the same plugin in the classpath. The URL "file:/Users/vannaraloch/Documents/workspace/jdolab/lib/datanucleus-spatial-3.2.1.jar" is already registered, and you are trying to register an identical plugin located at URL "file:/Users/vannaraloch/Documents/MASTER%202/BDA2/datanucleus-accessplatform-full-deps-3.3.0-release/lib/datanucleus-spatial-3.2.1.jar."
org.datanucleus.exceptions.NucleusException: Plugin (Bundle) "org.datanucleus.store.types.spatial" is already registered. Ensure you dont have multiple JAR versions of the same plugin in the classpath. The URL "file:/Users/vannaraloch/Documents/workspace/jdolab/lib/datanucleus-spatial-3.2.1.jar" is already registered, and you are trying to register an identical plugin located at URL "file:/Users/vannaraloch/Documents/MASTER%202/BDA2/datanucleus-accessplatform-full-deps-3.3.0-release/lib/datanucleus-spatial-3.2.1.jar."
	at org.datanucleus.plugin.NonManagedPluginRegistry.registerBundle(NonManagedPluginRegistry.java:494)
	at org.datanucleus.plugin.NonManagedPluginRegistry.registerBundle(NonManagedPluginRegistry.java:396)
	at org.datanucleus.plugin.NonManagedPluginRegistry.registerExtensions(NonManagedPluginRegistry.java:219)
	at org.datanucleus.plugin.NonManagedPluginRegistry.registerExtensionPoints(NonManagedPluginRegistry.java:160)
	at org.datanucleus.plugin.PluginManager.<init>(PluginManager.java:65)
	at org.datanucleus.plugin.PluginManager.createPluginManager(PluginManager.java:427)
	at org.datanucleus.NucleusContext.<init>(NucleusContext.java:264)
	at org.datanucleus.NucleusContext.<init>(NucleusContext.java:245)
	at org.datanucleus.NucleusContext.<init>(NucleusContext.java:223)
	at org.datanucleus.store.schema.SchemaTool.getNucleusContextForMode(SchemaTool.java:513)
	at org.datanucleus.store.schema.SchemaTool.main(SchemaTool.java:276)
23:17:18,068 (main) INFO  [DataNucleus.SchemaTool] - DataNucleus SchemaTool : Creation of the schema
23:17:18,071 (main) INFO  [DataNucleus.SchemaTool] - DataNucleus SchemaTool : Classpath
23:17:18,073 (main) INFO  [DataNucleus.SchemaTool] - >>  /Users/vannaraloch/Documents/workspace/jdolab/bin
23:17:18,073 (main) INFO  [DataNucleus.SchemaTool] - >>  /Users/vannaraloch/Documents/workspace/jdolab/deps/jdo-api-3.0.1.jar
23:17:18,073 (main) INFO  [DataNucleus.SchemaTool] - >>  /Users/vannaraloch/Documents/workspace/jdolab/lib/datanucleus-api-jdo-3.2.4.jar
23:17:18,074 (main) INFO  [DataNucleus.SchemaTool] - >>  /Users/vannaraloch/Documents/workspace/jdolab/lib/datanucleus-core-3.2.5.jar
23:17:18,074 (main) INFO  [DataNucleus.SchemaTool] - >>  /
23:17:18,074 (main) INFO  [DataNucleus.SchemaTool] - >>  /Users/vannaraloch/Documents/MASTER 2/BDA2/datanucleus-accessplatform-full-deps-3.3.0-release/lib/datanucleus-api-jdo-3.2.4.jar
23:17:18,074 (main) INFO  [DataNucleus.SchemaTool] - >>  /Users/vannaraloch/Documents/MASTER 2/BDA2/datanucleus-accessplatform-full-deps-3.3.0-release/lib/datanucleus-api-jpa-3.3.0-release.jar
23:17:18,074 (main) INFO  [DataNucleus.SchemaTool] - >>  /Users/vannaraloch/Documents/MASTER 2/BDA2/datanucleus-accessplatform-full-deps-3.3.0-release/lib/datanucleus-api-rest-3.2.1.jar
23:17:18,074 (main) INFO  [DataNucleus.SchemaTool] - >>  /Users/vannaraloch/Documents/MASTER 2/BDA2/datanucleus-accessplatform-full-deps-3.3.0-release/lib/datanucleus-awtgeom-3.2.0-release.jar
23:17:18,074 (main) INFO  [DataNucleus.SchemaTool] - >>  /Users/vannaraloch/Documents/MASTER 2/BDA2/datanucleus-accessplatform-full-deps-3.3.0-release/lib/datanucleus-cache-3.1.2.jar
23:17:18,074 (main) INFO  [DataNucleus.SchemaTool] - >>  /Users/vannaraloch/Documents/MASTER 2/BDA2/datanucleus-accessplatform-full-deps-3.3.0-release/lib/datanucleus-core-3.2.5.jar
23:17:18,074 (main) INFO  [DataNucleus.SchemaTool] - >>  /Users/vannaraloch/Documents/MASTER 2/BDA2/datanucleus-accessplatform-full-deps-3.3.0-release/lib/datanucleus-excel-3.2.0-release.jar
23:17:18,075 (main) INFO  [DataNucleus.SchemaTool] - >>  /Users/vannaraloch/Documents/MASTER 2/BDA2/datanucleus-accessplatform-full-deps-3.3.0-release/lib/datanucleus-googlecollections-3.2.2.jar
23:17:18,075 (main) INFO  [DataNucleus.SchemaTool] - >>  /Users/vannaraloch/Documents/MASTER 2/BDA2/datanucleus-accessplatform-full-deps-3.3.0-release/lib/datanucleus-hbase-3.2.2.jar
23:17:18,075 (main) INFO  [DataNucleus.SchemaTool] - >>  /Users/vannaraloch/Documents/MASTER 2/BDA2/datanucleus-accessplatform-full-deps-3.3.0-release/lib/datanucleus-jdo-query-3.0.2.jar
23:17:18,075 (main) INFO  [DataNucleus.SchemaTool] - >>  /Users/vannaraloch/Documents/MASTER 2/BDA2/datanucleus-accessplatform-full-deps-3.3.0-release/lib/datanucleus-jodatime-3.2.1.jar
23:17:18,075 (main) INFO  [DataNucleus.SchemaTool] - >>  /Users/vannaraloch/Documents/MASTER 2/BDA2/datanucleus-accessplatform-full-deps-3.3.0-release/lib/datanucleus-jpa-query-3.0.2.jar
23:17:18,075 (main) INFO  [DataNucleus.SchemaTool] - >>  /Users/vannaraloch/Documents/MASTER 2/BDA2/datanucleus-accessplatform-full-deps-3.3.0-release/lib/datanucleus-json-3.2.0-release.jar
23:17:18,075 (main) INFO  [DataNucleus.SchemaTool] - >>  /Users/vannaraloch/Documents/MASTER 2/BDA2/datanucleus-accessplatform-full-deps-3.3.0-release/lib/datanucleus-ldap-3.2.2.jar
23:17:18,076 (main) INFO  [DataNucleus.SchemaTool] - >>  /Users/vannaraloch/Documents/MASTER 2/BDA2/datanucleus-accessplatform-full-deps-3.3.0-release/lib/datanucleus-mongodb-3.2.2.jar
23:17:18,076 (main) INFO  [DataNucleus.SchemaTool] - >>  /Users/vannaraloch/Documents/MASTER 2/BDA2/datanucleus-accessplatform-full-deps-3.3.0-release/lib/datanucleus-neodatis-3.2.2.jar
23:17:18,076 (main) INFO  [DataNucleus.SchemaTool] - >>  /Users/vannaraloch/Documents/MASTER 2/BDA2/datanucleus-accessplatform-full-deps-3.3.0-release/lib/datanucleus-odf-3.2.1.jar
23:17:18,076 (main) INFO  [DataNucleus.SchemaTool] - >>  /Users/vannaraloch/Documents/MASTER 2/BDA2/datanucleus-accessplatform-full-deps-3.3.0-release/lib/datanucleus-rdbms-3.2.4.jar
23:17:18,076 (main) INFO  [DataNucleus.SchemaTool] - >>  /Users/vannaraloch/Documents/MASTER 2/BDA2/datanucleus-accessplatform-full-deps-3.3.0-release/lib/datanucleus-spatial-3.2.1.jar
23:17:18,076 (main) INFO  [DataNucleus.SchemaTool] - >>  /Users/vannaraloch/Documents/MASTER 2/BDA2/datanucleus-accessplatform-full-deps-3.3.0-release/lib/datanucleus-xml-3.2.0-release.jar
23:17:18,077 (main) INFO  [DataNucleus.SchemaTool] - >>  /Users/vannaraloch/Documents/MASTER 2/BDA2/datanucleus-accessplatform-full-deps-3.3.0-release/deps/jdo-api-3.0.1.jar
23:17:18,077 (main) INFO  [DataNucleus.SchemaTool] - >>  /Users/vannaraloch/Documents/MASTER 2/BDA2/datanucleus-accessplatform-full-deps-3.3.0-release/deps/log4j-1.2.14.jar
23:17:18,077 (main) INFO  [DataNucleus.SchemaTool] - >>  /Applications/NetBeans/postgresql-9.3-1100.jdbc3.jar
23:17:18,650 (main) ERROR [DataNucleus.SchemaTool] - Error creating NucleusContext
Plugin (Bundle) "org.datanucleus.api.jdo" is already registered. Ensure you dont have multiple JAR versions of the same plugin in the classpath. The URL "file:/Users/vannaraloch/Documents/MASTER%202/BDA2/datanucleus-accessplatform-full-deps-3.3.0-release/lib/datanucleus-api-jdo-3.2.4.jar" is already registered, and you are trying to register an identical plugin located at URL "file:/Users/vannaraloch/Documents/workspace/jdolab/lib/datanucleus-api-jdo-3.2.4.jar."
org.datanucleus.exceptions.NucleusException: Plugin (Bundle) "org.datanucleus.api.jdo" is already registered. Ensure you dont have multiple JAR versions of the same plugin in the classpath. The URL "file:/Users/vannaraloch/Documents/MASTER%202/BDA2/datanucleus-accessplatform-full-deps-3.3.0-release/lib/datanucleus-api-jdo-3.2.4.jar" is already registered, and you are trying to register an identical plugin located at URL "file:/Users/vannaraloch/Documents/workspace/jdolab/lib/datanucleus-api-jdo-3.2.4.jar."
	at org.datanucleus.plugin.NonManagedPluginRegistry.registerBundle(NonManagedPluginRegistry.java:494)
	at org.datanucleus.plugin.NonManagedPluginRegistry.registerBundle(NonManagedPluginRegistry.java:396)
	at org.datanucleus.plugin.NonManagedPluginRegistry.registerExtensions(NonManagedPluginRegistry.java:219)
	at org.datanucleus.plugin.NonManagedPluginRegistry.registerExtensionPoints(NonManagedPluginRegistry.java:160)
	at org.datanucleus.plugin.PluginManager.<init>(PluginManager.java:65)
	at org.datanucleus.plugin.PluginManager.createPluginManager(PluginManager.java:427)
	at org.datanucleus.NucleusContext.<init>(NucleusContext.java:264)
	at org.datanucleus.NucleusContext.<init>(NucleusContext.java:245)
	at org.datanucleus.NucleusContext.<init>(NucleusContext.java:223)
	at org.datanucleus.store.schema.SchemaTool.getNucleusContextForMode(SchemaTool.java:513)
	at org.datanucleus.store.schema.SchemaTool.main(SchemaTool.java:276)
23:17:53,950 (main) INFO  [DataNucleus.Enhancer] - DataNucleus Enhancer (version 3.2.5) for API "JDO" using JRE "1.6"
23:17:54,506 (main) INFO  [DataNucleus.Enhancer] - Writing class file "/Users/vannaraloch/Documents/workspace/jdolab/bin/jdo/entity/Book.class" with enhanced definition
23:17:54,599 (main) INFO  [DataNucleus.Enhancer] - Writing class file "/Users/vannaraloch/Documents/workspace/jdolab/bin/jdo/entity/Inventory.class" with enhanced definition
23:17:54,612 (main) INFO  [DataNucleus.Enhancer] - Writing class file "/Users/vannaraloch/Documents/workspace/jdolab/bin/jdo/entity/Product.class" with enhanced definition
23:17:54,612 (main) INFO  [DataNucleus.Enhancer] - DataNucleus Enhancer completed with success for 3 classes.
23:17:55,512 (main) INFO  [DataNucleus.Enhancer] - DataNucleus Enhancer (version 3.2.5) for API "JDO" using JRE "1.6"
23:17:55,705 (main) INFO  [DataNucleus.Enhancer] - Class "jdo.entity.Book" is already enhanced.
23:17:55,737 (main) INFO  [DataNucleus.Enhancer] - Class "jdo.entity.Inventory" is already enhanced.
23:17:55,741 (main) INFO  [DataNucleus.Enhancer] - Class "jdo.entity.Product" is already enhanced.
23:17:55,741 (main) INFO  [DataNucleus.Enhancer] - DataNucleus Enhancer completed with success for 3 classes.
23:18:06,941 (main) INFO  [DataNucleus.Enhancer] - DataNucleus Enhancer (version 3.2.5) for API "JDO" using JRE "1.6"
23:18:07,168 (main) INFO  [DataNucleus.Enhancer] - Writing class file "/Users/vannaraloch/Documents/workspace/jdolab/bin/jdo/entity/Book.class" with enhanced definition
23:18:07,207 (main) INFO  [DataNucleus.Enhancer] - Writing class file "/Users/vannaraloch/Documents/workspace/jdolab/bin/jdo/entity/Inventory.class" with enhanced definition
23:18:07,217 (main) INFO  [DataNucleus.Enhancer] - Writing class file "/Users/vannaraloch/Documents/workspace/jdolab/bin/jdo/entity/Product.class" with enhanced definition
23:18:07,217 (main) INFO  [DataNucleus.Enhancer] - DataNucleus Enhancer completed with success for 3 classes.
